{"C:\\Users\\sharm\\Documents\\git\\TacTive-Project\\tactive-assessment\\app\\backend\\src\\services\\allocationEngine.ts": {"path":"C:\\Users\\sharm\\Documents\\git\\TacTive-Project\\tactive-assessment\\app\\backend\\src\\services\\allocationEngine.ts","statementMap":{"0":{"start":{"line":3,"column":31},"end":{"line":47,"column":null}},"1":{"start":{"line":5,"column":24},"end":{"line":7,"column":null}},"2":{"start":{"line":8,"column":2},"end":{"line":10,"column":null}},"3":{"start":{"line":9,"column":4},"end":{"line":9,"column":null}},"4":{"start":{"line":13,"column":27},"end":{"line":15,"column":null}},"5":{"start":{"line":17,"column":2},"end":{"line":46,"column":null}},"6":{"start":{"line":19,"column":4},"end":{"line":22,"column":null}},"7":{"start":{"line":24,"column":4},"end":{"line":27,"column":null}},"8":{"start":{"line":29,"column":20},"end":{"line":31,"column":null}},"9":{"start":{"line":33,"column":4},"end":{"line":33,"column":null}},"10":{"start":{"line":36,"column":4},"end":{"line":39,"column":null}},"11":{"start":{"line":41,"column":20},"end":{"line":43,"column":null}},"12":{"start":{"line":45,"column":4},"end":{"line":45,"column":null}},"13":{"start":{"line":49,"column":38},"end":{"line":82,"column":null}},"14":{"start":{"line":50,"column":18},"end":{"line":50,"column":null}},"15":{"start":{"line":51,"column":2},"end":{"line":51,"column":null}},"16":{"start":{"line":51,"column":50},"end":{"line":51,"column":null}},"17":{"start":{"line":54,"column":25},"end":{"line":60,"column":null}},"18":{"start":{"line":62,"column":2},"end":{"line":80,"column":null}},"19":{"start":{"line":63,"column":20},"end":{"line":63,"column":null}},"20":{"start":{"line":64,"column":4},"end":{"line":79,"column":null}},"21":{"start":{"line":66,"column":6},"end":{"line":69,"column":null}},"22":{"start":{"line":70,"column":6},"end":{"line":73,"column":null}},"23":{"start":{"line":74,"column":6},"end":{"line":77,"column":null}},"24":{"start":{"line":78,"column":6},"end":{"line":78,"column":null}},"25":{"start":{"line":81,"column":2},"end":{"line":81,"column":null}},"26":{"start":{"line":84,"column":34},"end":{"line":132,"column":null}},"27":{"start":{"line":85,"column":18},"end":{"line":85,"column":null}},"28":{"start":{"line":86,"column":2},"end":{"line":86,"column":null}},"29":{"start":{"line":86,"column":46},"end":{"line":86,"column":null}},"30":{"start":{"line":88,"column":20},"end":{"line":88,"column":null}},"31":{"start":{"line":91,"column":2},"end":{"line":94,"column":null}},"32":{"start":{"line":96,"column":2},"end":{"line":129,"column":null}},"33":{"start":{"line":98,"column":4},"end":{"line":101,"column":null}},"34":{"start":{"line":103,"column":20},"end":{"line":103,"column":null}},"35":{"start":{"line":104,"column":4},"end":{"line":128,"column":null}},"36":{"start":{"line":106,"column":31},"end":{"line":108,"column":null}},"37":{"start":{"line":110,"column":6},"end":{"line":127,"column":null}},"38":{"start":{"line":112,"column":8},"end":{"line":115,"column":null}},"39":{"start":{"line":116,"column":8},"end":{"line":119,"column":null}},"40":{"start":{"line":120,"column":8},"end":{"line":120,"column":null}},"41":{"start":{"line":123,"column":8},"end":{"line":126,"column":null}},"42":{"start":{"line":131,"column":2},"end":{"line":131,"column":null}}},"fnMap":{"0":{"name":"(anonymous_0)","decl":{"start":{"line":3,"column":31},"end":{"line":3,"column":38}},"loc":{"start":{"line":3,"column":81},"end":{"line":47,"column":null}},"line":3},"1":{"name":"(anonymous_1)","decl":{"start":{"line":49,"column":38},"end":{"line":49,"column":45}},"loc":{"start":{"line":49,"column":67},"end":{"line":82,"column":null}},"line":49},"2":{"name":"(anonymous_2)","decl":{"start":{"line":84,"column":34},"end":{"line":84,"column":41}},"loc":{"start":{"line":84,"column":63},"end":{"line":132,"column":null}},"line":84}},"branchMap":{"0":{"loc":{"start":{"line":8,"column":2},"end":{"line":10,"column":null}},"type":"if","locations":[{"start":{"line":8,"column":2},"end":{"line":10,"column":null}},{"start":{},"end":{}}],"line":8},"1":{"loc":{"start":{"line":17,"column":2},"end":{"line":46,"column":null}},"type":"if","locations":[{"start":{"line":17,"column":2},"end":{"line":46,"column":null}},{"start":{"line":34,"column":9},"end":{"line":46,"column":null}}],"line":17},"2":{"loc":{"start":{"line":51,"column":2},"end":{"line":51,"column":null}},"type":"if","locations":[{"start":{"line":51,"column":2},"end":{"line":51,"column":null}},{"start":{},"end":{}}],"line":51},"3":{"loc":{"start":{"line":51,"column":6},"end":{"line":51,"column":50}},"type":"binary-expr","locations":[{"start":{"line":51,"column":6},"end":{"line":51,"column":18}},{"start":{"line":51,"column":18},"end":{"line":51,"column":50}}],"line":51},"4":{"loc":{"start":{"line":62,"column":2},"end":{"line":80,"column":null}},"type":"if","locations":[{"start":{"line":62,"column":2},"end":{"line":80,"column":null}},{"start":{},"end":{}}],"line":62},"5":{"loc":{"start":{"line":64,"column":4},"end":{"line":79,"column":null}},"type":"if","locations":[{"start":{"line":64,"column":4},"end":{"line":79,"column":null}},{"start":{},"end":{}}],"line":64},"6":{"loc":{"start":{"line":64,"column":8},"end":{"line":64,"column":50}},"type":"binary-expr","locations":[{"start":{"line":64,"column":8},"end":{"line":64,"column":19}},{"start":{"line":64,"column":19},"end":{"line":64,"column":50}}],"line":64},"7":{"loc":{"start":{"line":86,"column":2},"end":{"line":86,"column":null}},"type":"if","locations":[{"start":{"line":86,"column":2},"end":{"line":86,"column":null}},{"start":{},"end":{}}],"line":86},"8":{"loc":{"start":{"line":86,"column":6},"end":{"line":86,"column":46}},"type":"binary-expr","locations":[{"start":{"line":86,"column":6},"end":{"line":86,"column":18}},{"start":{"line":86,"column":18},"end":{"line":86,"column":46}}],"line":86},"9":{"loc":{"start":{"line":96,"column":2},"end":{"line":129,"column":null}},"type":"if","locations":[{"start":{"line":96,"column":2},"end":{"line":129,"column":null}},{"start":{},"end":{}}],"line":96},"10":{"loc":{"start":{"line":104,"column":4},"end":{"line":128,"column":null}},"type":"if","locations":[{"start":{"line":104,"column":4},"end":{"line":128,"column":null}},{"start":{},"end":{}}],"line":104},"11":{"loc":{"start":{"line":110,"column":6},"end":{"line":127,"column":null}},"type":"if","locations":[{"start":{"line":110,"column":6},"end":{"line":127,"column":null}},{"start":{"line":121,"column":13},"end":{"line":127,"column":null}}],"line":110}},"s":{"0":1,"1":3,"2":3,"3":1,"4":2,"5":2,"6":1,"7":1,"8":1,"9":1,"10":1,"11":1,"12":1,"13":1,"14":6,"15":6,"16":2,"17":4,"18":4,"19":3,"20":3,"21":1,"22":1,"23":1,"24":1,"25":3,"26":1,"27":6,"28":6,"29":2,"30":4,"31":4,"32":4,"33":3,"34":3,"35":3,"36":2,"37":2,"38":1,"39":1,"40":1,"41":1,"42":3},"f":{"0":3,"1":6,"2":6},"b":{"0":[1,2],"1":[1,1],"2":[2,4],"3":[6,5],"4":[3,1],"5":[1,2],"6":[3,2],"7":[2,4],"8":[6,5],"9":[3,1],"10":[2,1],"11":[1,1]},"meta":{"lastBranch":12,"lastFunction":3,"lastStatement":43,"seen":{"s:3:31:47:Infinity":0,"f:3:31:3:38":0,"s:5:24:7:Infinity":1,"b:8:2:10:Infinity:undefined:undefined:undefined:undefined":0,"s:8:2:10:Infinity":2,"s:9:4:9:Infinity":3,"s:13:27:15:Infinity":4,"b:17:2:46:Infinity:34:9:46:Infinity":1,"s:17:2:46:Infinity":5,"s:19:4:22:Infinity":6,"s:24:4:27:Infinity":7,"s:29:20:31:Infinity":8,"s:33:4:33:Infinity":9,"s:36:4:39:Infinity":10,"s:41:20:43:Infinity":11,"s:45:4:45:Infinity":12,"s:49:38:82:Infinity":13,"f:49:38:49:45":1,"s:50:18:50:Infinity":14,"b:51:2:51:Infinity:undefined:undefined:undefined:undefined":2,"s:51:2:51:Infinity":15,"b:51:6:51:18:51:18:51:50":3,"s:51:50:51:Infinity":16,"s:54:25:60:Infinity":17,"b:62:2:80:Infinity:undefined:undefined:undefined:undefined":4,"s:62:2:80:Infinity":18,"s:63:20:63:Infinity":19,"b:64:4:79:Infinity:undefined:undefined:undefined:undefined":5,"s:64:4:79:Infinity":20,"b:64:8:64:19:64:19:64:50":6,"s:66:6:69:Infinity":21,"s:70:6:73:Infinity":22,"s:74:6:77:Infinity":23,"s:78:6:78:Infinity":24,"s:81:2:81:Infinity":25,"s:84:34:132:Infinity":26,"f:84:34:84:41":2,"s:85:18:85:Infinity":27,"b:86:2:86:Infinity:undefined:undefined:undefined:undefined":7,"s:86:2:86:Infinity":28,"b:86:6:86:18:86:18:86:46":8,"s:86:46:86:Infinity":29,"s:88:20:88:Infinity":30,"s:91:2:94:Infinity":31,"b:96:2:129:Infinity:undefined:undefined:undefined:undefined":9,"s:96:2:129:Infinity":32,"s:98:4:101:Infinity":33,"s:103:20:103:Infinity":34,"b:104:4:128:Infinity:undefined:undefined:undefined:undefined":10,"s:104:4:128:Infinity":35,"s:106:31:108:Infinity":36,"b:110:6:127:Infinity:121:13:127:Infinity":11,"s:110:6:127:Infinity":37,"s:112:8:115:Infinity":38,"s:116:8:119:Infinity":39,"s:120:8:120:Infinity":40,"s:123:8:126:Infinity":41,"s:131:2:131:Infinity":42},"fnNames":{}}}
}
