{"C:\\Users\\sharm\\Documents\\git\\TacTive-Project\\tactive-assessment\\app\\backend\\src\\services\\allocationEngine.ts": {"path":"C:\\Users\\sharm\\Documents\\git\\TacTive-Project\\tactive-assessment\\app\\backend\\src\\services\\allocationEngine.ts","statementMap":{"0":{"start":{"line":3,"column":31},"end":{"line":48,"column":null}},"1":{"start":{"line":6,"column":24},"end":{"line":8,"column":null}},"2":{"start":{"line":9,"column":2},"end":{"line":11,"column":null}},"3":{"start":{"line":10,"column":4},"end":{"line":10,"column":null}},"4":{"start":{"line":14,"column":27},"end":{"line":16,"column":null}},"5":{"start":{"line":18,"column":2},"end":{"line":47,"column":null}},"6":{"start":{"line":20,"column":4},"end":{"line":23,"column":null}},"7":{"start":{"line":25,"column":4},"end":{"line":28,"column":null}},"8":{"start":{"line":30,"column":20},"end":{"line":32,"column":null}},"9":{"start":{"line":34,"column":4},"end":{"line":34,"column":null}},"10":{"start":{"line":37,"column":4},"end":{"line":40,"column":null}},"11":{"start":{"line":42,"column":20},"end":{"line":44,"column":null}},"12":{"start":{"line":46,"column":4},"end":{"line":46,"column":null}},"13":{"start":{"line":50,"column":38},"end":{"line":83,"column":null}},"14":{"start":{"line":51,"column":18},"end":{"line":51,"column":null}},"15":{"start":{"line":52,"column":2},"end":{"line":52,"column":null}},"16":{"start":{"line":52,"column":50},"end":{"line":52,"column":null}},"17":{"start":{"line":55,"column":25},"end":{"line":61,"column":null}},"18":{"start":{"line":63,"column":2},"end":{"line":81,"column":null}},"19":{"start":{"line":64,"column":20},"end":{"line":64,"column":null}},"20":{"start":{"line":65,"column":4},"end":{"line":80,"column":null}},"21":{"start":{"line":67,"column":6},"end":{"line":70,"column":null}},"22":{"start":{"line":71,"column":6},"end":{"line":74,"column":null}},"23":{"start":{"line":75,"column":6},"end":{"line":78,"column":null}},"24":{"start":{"line":79,"column":6},"end":{"line":79,"column":null}},"25":{"start":{"line":82,"column":2},"end":{"line":82,"column":null}},"26":{"start":{"line":85,"column":34},"end":{"line":133,"column":null}},"27":{"start":{"line":86,"column":18},"end":{"line":86,"column":null}},"28":{"start":{"line":87,"column":2},"end":{"line":87,"column":null}},"29":{"start":{"line":87,"column":46},"end":{"line":87,"column":null}},"30":{"start":{"line":89,"column":20},"end":{"line":89,"column":null}},"31":{"start":{"line":92,"column":2},"end":{"line":95,"column":null}},"32":{"start":{"line":97,"column":2},"end":{"line":130,"column":null}},"33":{"start":{"line":99,"column":4},"end":{"line":102,"column":null}},"34":{"start":{"line":104,"column":20},"end":{"line":104,"column":null}},"35":{"start":{"line":105,"column":4},"end":{"line":129,"column":null}},"36":{"start":{"line":107,"column":31},"end":{"line":109,"column":null}},"37":{"start":{"line":111,"column":6},"end":{"line":128,"column":null}},"38":{"start":{"line":113,"column":8},"end":{"line":116,"column":null}},"39":{"start":{"line":117,"column":8},"end":{"line":120,"column":null}},"40":{"start":{"line":121,"column":8},"end":{"line":121,"column":null}},"41":{"start":{"line":124,"column":8},"end":{"line":127,"column":null}},"42":{"start":{"line":132,"column":2},"end":{"line":132,"column":null}}},"fnMap":{"0":{"name":"(anonymous_0)","decl":{"start":{"line":3,"column":31},"end":{"line":3,"column":38}},"loc":{"start":{"line":3,"column":81},"end":{"line":48,"column":null}},"line":3},"1":{"name":"(anonymous_1)","decl":{"start":{"line":50,"column":38},"end":{"line":50,"column":45}},"loc":{"start":{"line":50,"column":67},"end":{"line":83,"column":null}},"line":50},"2":{"name":"(anonymous_2)","decl":{"start":{"line":85,"column":34},"end":{"line":85,"column":41}},"loc":{"start":{"line":85,"column":63},"end":{"line":133,"column":null}},"line":85}},"branchMap":{"0":{"loc":{"start":{"line":9,"column":2},"end":{"line":11,"column":null}},"type":"if","locations":[{"start":{"line":9,"column":2},"end":{"line":11,"column":null}},{"start":{},"end":{}}],"line":9},"1":{"loc":{"start":{"line":18,"column":2},"end":{"line":47,"column":null}},"type":"if","locations":[{"start":{"line":18,"column":2},"end":{"line":47,"column":null}},{"start":{"line":35,"column":9},"end":{"line":47,"column":null}}],"line":18},"2":{"loc":{"start":{"line":52,"column":2},"end":{"line":52,"column":null}},"type":"if","locations":[{"start":{"line":52,"column":2},"end":{"line":52,"column":null}},{"start":{},"end":{}}],"line":52},"3":{"loc":{"start":{"line":52,"column":6},"end":{"line":52,"column":50}},"type":"binary-expr","locations":[{"start":{"line":52,"column":6},"end":{"line":52,"column":18}},{"start":{"line":52,"column":18},"end":{"line":52,"column":50}}],"line":52},"4":{"loc":{"start":{"line":63,"column":2},"end":{"line":81,"column":null}},"type":"if","locations":[{"start":{"line":63,"column":2},"end":{"line":81,"column":null}},{"start":{},"end":{}}],"line":63},"5":{"loc":{"start":{"line":65,"column":4},"end":{"line":80,"column":null}},"type":"if","locations":[{"start":{"line":65,"column":4},"end":{"line":80,"column":null}},{"start":{},"end":{}}],"line":65},"6":{"loc":{"start":{"line":65,"column":8},"end":{"line":65,"column":50}},"type":"binary-expr","locations":[{"start":{"line":65,"column":8},"end":{"line":65,"column":19}},{"start":{"line":65,"column":19},"end":{"line":65,"column":50}}],"line":65},"7":{"loc":{"start":{"line":87,"column":2},"end":{"line":87,"column":null}},"type":"if","locations":[{"start":{"line":87,"column":2},"end":{"line":87,"column":null}},{"start":{},"end":{}}],"line":87},"8":{"loc":{"start":{"line":87,"column":6},"end":{"line":87,"column":46}},"type":"binary-expr","locations":[{"start":{"line":87,"column":6},"end":{"line":87,"column":18}},{"start":{"line":87,"column":18},"end":{"line":87,"column":46}}],"line":87},"9":{"loc":{"start":{"line":97,"column":2},"end":{"line":130,"column":null}},"type":"if","locations":[{"start":{"line":97,"column":2},"end":{"line":130,"column":null}},{"start":{},"end":{}}],"line":97},"10":{"loc":{"start":{"line":105,"column":4},"end":{"line":129,"column":null}},"type":"if","locations":[{"start":{"line":105,"column":4},"end":{"line":129,"column":null}},{"start":{},"end":{}}],"line":105},"11":{"loc":{"start":{"line":111,"column":6},"end":{"line":128,"column":null}},"type":"if","locations":[{"start":{"line":111,"column":6},"end":{"line":128,"column":null}},{"start":{"line":122,"column":13},"end":{"line":128,"column":null}}],"line":111}},"s":{"0":1,"1":3,"2":3,"3":1,"4":2,"5":2,"6":1,"7":1,"8":1,"9":1,"10":1,"11":1,"12":1,"13":1,"14":6,"15":6,"16":2,"17":4,"18":4,"19":3,"20":3,"21":1,"22":1,"23":1,"24":1,"25":3,"26":1,"27":6,"28":6,"29":2,"30":4,"31":4,"32":4,"33":3,"34":3,"35":3,"36":2,"37":2,"38":1,"39":1,"40":1,"41":1,"42":3},"f":{"0":3,"1":6,"2":6},"b":{"0":[1,2],"1":[1,1],"2":[2,4],"3":[6,5],"4":[3,1],"5":[1,2],"6":[3,2],"7":[2,4],"8":[6,5],"9":[3,1],"10":[2,1],"11":[1,1]},"meta":{"lastBranch":12,"lastFunction":3,"lastStatement":43,"seen":{"s:3:31:48:Infinity":0,"f:3:31:3:38":0,"s:6:24:8:Infinity":1,"b:9:2:11:Infinity:undefined:undefined:undefined:undefined":0,"s:9:2:11:Infinity":2,"s:10:4:10:Infinity":3,"s:14:27:16:Infinity":4,"b:18:2:47:Infinity:35:9:47:Infinity":1,"s:18:2:47:Infinity":5,"s:20:4:23:Infinity":6,"s:25:4:28:Infinity":7,"s:30:20:32:Infinity":8,"s:34:4:34:Infinity":9,"s:37:4:40:Infinity":10,"s:42:20:44:Infinity":11,"s:46:4:46:Infinity":12,"s:50:38:83:Infinity":13,"f:50:38:50:45":1,"s:51:18:51:Infinity":14,"b:52:2:52:Infinity:undefined:undefined:undefined:undefined":2,"s:52:2:52:Infinity":15,"b:52:6:52:18:52:18:52:50":3,"s:52:50:52:Infinity":16,"s:55:25:61:Infinity":17,"b:63:2:81:Infinity:undefined:undefined:undefined:undefined":4,"s:63:2:81:Infinity":18,"s:64:20:64:Infinity":19,"b:65:4:80:Infinity:undefined:undefined:undefined:undefined":5,"s:65:4:80:Infinity":20,"b:65:8:65:19:65:19:65:50":6,"s:67:6:70:Infinity":21,"s:71:6:74:Infinity":22,"s:75:6:78:Infinity":23,"s:79:6:79:Infinity":24,"s:82:2:82:Infinity":25,"s:85:34:133:Infinity":26,"f:85:34:85:41":2,"s:86:18:86:Infinity":27,"b:87:2:87:Infinity:undefined:undefined:undefined:undefined":7,"s:87:2:87:Infinity":28,"b:87:6:87:18:87:18:87:46":8,"s:87:46:87:Infinity":29,"s:89:20:89:Infinity":30,"s:92:2:95:Infinity":31,"b:97:2:130:Infinity:undefined:undefined:undefined:undefined":9,"s:97:2:130:Infinity":32,"s:99:4:102:Infinity":33,"s:104:20:104:Infinity":34,"b:105:4:129:Infinity:undefined:undefined:undefined:undefined":10,"s:105:4:129:Infinity":35,"s:107:31:109:Infinity":36,"b:111:6:128:Infinity:122:13:128:Infinity":11,"s:111:6:128:Infinity":37,"s:113:8:116:Infinity":38,"s:117:8:120:Infinity":39,"s:121:8:121:Infinity":40,"s:124:8:127:Infinity":41,"s:132:2:132:Infinity":42},"fnNames":{}}}
}
